#
# There is insufficient memory for the Java Runtime Environment to continue.
# Native memory allocation (mmap) failed to map 67108864 bytes for G1 virtual space
# Possible reasons:
#   The system is out of physical RAM or swap space
#   The process is running with CompressedOops enabled, and the Java Heap may be blocking the growth of the native heap
# Possible solutions:
#   Reduce memory load on the system
#   Increase physical memory or swap space
#   Check if swap backing store is full
#   Decrease Java heap size (-Xmx/-Xms)
#   Decrease number of Java threads
#   Decrease Java thread stack sizes (-Xss)
#   Set larger code cache with -XX:ReservedCodeCacheSize=
#   JVM is running with Unscaled Compressed Oops mode in which the Java heap is
#     placed in the first 4GB address space. The Java Heap base address is the
#     maximum limit for the native heap growth. Please use -XX:HeapBaseMinAddress
#     to set the Java Heap base and to place the Java Heap above 4GB virtual address.
# This output file may be truncated or incomplete.
#
#  Out of Memory Error (os_windows.cpp:3532), pid=24180, tid=31080
#
# JRE version:  (17.0.2+8) (build )
# Java VM: Java HotSpot(TM) 64-Bit Server VM (17.0.2+8-LTS-86, mixed mode, sharing, tiered, compressed oops, compressed class ptrs, g1 gc, windows-amd64)
# No core dump will be written. Minidumps are not enabled by default on client versions of Windows
#

---------------  S U M M A R Y ------------

Command Line: -Dfile.encoding=UTF-8 -XX:+ShowCodeDetailsInExceptionMessages zeeshan

Host: Intel(R) Core(TM) i5-2520M CPU @ 2.50GHz, 4 cores, 3G,  Windows 10 , 64 bit Build 19041 (10.0.19041.1566)
Time: Fri May  6 17:30:53 2022 India Standard Time elapsed time: 0.073649 seconds (0d 0h 0m 0s)

---------------  T H R E A D  ---------------

Current thread (0x0000018e4898e890):  JavaThread "Unknown thread" [_thread_in_vm, id=31080, stack(0x000000262c200000,0x000000262c300000)]

Stack: [0x000000262c200000,0x000000262c300000]
Native frames: (J=compiled Java code, j=interpreted, Vv=VM code, C=native code)
V  [jvm.dll+0x670baa]
V  [jvm.dll+0x7cfcb4]
V  [jvm.dll+0x7d145e]
V  [jvm.dll+0x7d1ac3]
V  [jvm.dll+0x242bc5]
V  [jvm.dll+0x66dac9]
V  [jvm.dll+0x662412]
V  [jvm.dll+0x300c0b]
V  [jvm.dll+0x3081a6]
V  [jvm.dll+0x357d0e]
V  [jvm.dll+0x357f3f]
V  [jvm.dll+0x2d7ec8]
V  [jvm.dll+0x2d8e34]
V  [jvm.dll+0x7a18c1]
V  [jvm.dll+0x365a91]
V  [jvm.dll+0x780d2c]
V  [jvm.dll+0x3e845f]
V  [jvm.dll+0x3e9f01]
C  [jli.dll+0x527b]
C  [ucrtbase.dll+0x21bb2]
C  [KERNEL32.DLL+0x17034]
C  [ntdll.dll+0x52651]


---------------  P R O C E S S  ---------------

Threads class SMR info:
_java_thread_list=0x00007ffbe59b9858, length=0, elements={
}

Java Threads: ( => current thread )

Other Threads:
  0x0000018e489b7a70 GCTaskThread "GC Thread#0" [stack: 0x000000262c300000,0x000000262c400000] [id=27304]
  0x0000018e489c2960 ConcurrentGCThread "G1 Main Marker" [stack: 0x000000262c400000,0x000000262c500000] [id=32140]
  0x0000018e489c3a20 ConcurrentGCThread "G1 Conc#0" [stack: 0x000000262c500000,0x000000262c600000] [id=9852]

[error occurred during error reporting (printing all threads), id 0xc0000005, EXCEPTION_ACCESS_VIOLATION (0xc0000005) at pc=0x00007ffbe52088a7]

VM state: not at safepoint (not fully initialized)

VM Mutex/Monitor currently owned by a thread:  ([mutex/lock_event])
[0x0000018e4898a260] Heap_lock - owner thread: 0x0000018e4898e890

Heap address: 0x00000000c1c00000, size: 996 MB, Compressed Oops mode: 32-bit

CDS archive(s) mapped at: [0x0000000000000000-0x0000000000000000-0x0000000000000000), size 0, SharedBaseAddress: 0x0000000800000000, ArchiveRelocationMode: 0.
Narrow klass base: 0x0000000000000000, Narrow klass shift: 0, Narrow klass range: 0x0

GC Precious Log:
<Empty>

Heap:
 garbage-first heap   total 0K, used 0K [0x00000000c1c00000, 0x0000000100000000)
  region size 1024K, 0 young (0K), 0 survivors (0K)

[error occurred during error reporting (printing heap information), id 0xc0000005, EXCEPTION_ACCESS_VIOLATION (0xc0000005) at pc=0x00007ffbe55e9f19]

GC Heap History (0 events):
No events

Deoptimization events (0 events):
No events

Classes unloaded (0 events):
No events

Classes redefined (0 events):
No events

Internal exceptions (0 events):
No events

VM Operations (0 events):
No events

Events (1 events):
Event: 0.038 Loaded shared library C:\Program Files\Java\jdk-17.0.2\bin\java.dll


Dynamic libraries:
0x00007ff7d9b70000 - 0x00007ff7d9b80000 	C:\Program Files\Java\jdk-17.0.2\bin\javaw.exe
0x00007ffc3f4b0000 - 0x00007ffc3f6a5000 	C:\Windows\SYSTEM32\ntdll.dll
0x00007ffc3de30000 - 0x00007ffc3deee000 	C:\Windows\System32\KERNEL32.DLL
0x00007ffc3d0a0000 - 0x00007ffc3d368000 	C:\Windows\System32\KERNELBASE.dll
0x00007ffc3cfa0000 - 0x00007ffc3d0a0000 	C:\Windows\System32\ucrtbase.dll
0x00007ffc38e30000 - 0x00007ffc38e4a000 	C:\Program Files\Java\jdk-17.0.2\bin\VCRUNTIME140.dll
0x00007ffc38e50000 - 0x00007ffc38e68000 	C:\Program Files\Java\jdk-17.0.2\bin\jli.dll
0x00007ffc3dd80000 - 0x00007ffc3de2e000 	C:\Windows\System32\ADVAPI32.dll
0x00007ffc3e3f0000 - 0x00007ffc3e48e000 	C:\Windows\System32\msvcrt.dll
0x00007ffc3d510000 - 0x00007ffc3d5ac000 	C:\Windows\System32\sechost.dll
0x00007ffc3ec80000 - 0x00007ffc3eda5000 	C:\Windows\System32\RPCRT4.dll
0x00007ffc3e490000 - 0x00007ffc3e630000 	C:\Windows\System32\USER32.dll
0x00007ffc3cf70000 - 0x00007ffc3cf92000 	C:\Windows\System32\win32u.dll
0x00007ffc3ef90000 - 0x00007ffc3efbb000 	C:\Windows\System32\GDI32.dll
0x00007ffc2f6d0000 - 0x00007ffc2f96a000 	C:\Windows\WinSxS\amd64_microsoft.windows.common-controls_6595b64144ccf1df_6.0.19041.1110_none_60b5254171f9507e\COMCTL32.dll
0x00007ffc3d370000 - 0x00007ffc3d47b000 	C:\Windows\System32\gdi32full.dll
0x00007ffc3cbd0000 - 0x00007ffc3cc6d000 	C:\Windows\System32\msvcp_win.dll
0x00007ffc32780000 - 0x00007ffc3278a000 	C:\Windows\SYSTEM32\VERSION.dll
0x00007ffc3def0000 - 0x00007ffc3df20000 	C:\Windows\System32\IMM32.DLL
0x00007ffc38dc0000 - 0x00007ffc38dcc000 	C:\Program Files\Java\jdk-17.0.2\bin\vcruntime140_1.dll
0x00007ffc1b700000 - 0x00007ffc1b78d000 	C:\Program Files\Java\jdk-17.0.2\bin\msvcp140.dll
0x00007ffbe4f20000 - 0x00007ffbe5ae1000 	C:\Program Files\Java\jdk-17.0.2\bin\server\jvm.dll
0x00007ffc3dd70000 - 0x00007ffc3dd78000 	C:\Windows\System32\PSAPI.DLL
0x00007ffc25c70000 - 0x00007ffc25c97000 	C:\Windows\SYSTEM32\WINMM.dll
0x00007ffc375c0000 - 0x00007ffc375c9000 	C:\Windows\SYSTEM32\WSOCK32.dll
0x00007ffc3f2f0000 - 0x00007ffc3f35b000 	C:\Windows\System32\WS2_32.dll
0x00007ffc3aa00000 - 0x00007ffc3aa12000 	C:\Windows\SYSTEM32\kernel.appcore.dll
0x00007ffc38db0000 - 0x00007ffc38dba000 	C:\Program Files\Java\jdk-17.0.2\bin\jimage.dll
0x00007ffc37070000 - 0x00007ffc37254000 	C:\Windows\SYSTEM32\DBGHELP.DLL
0x00007ffc36f50000 - 0x00007ffc36f7c000 	C:\Windows\SYSTEM32\dbgcore.DLL
0x00007ffc3d480000 - 0x00007ffc3d502000 	C:\Windows\System32\bcryptPrimitives.dll
0x00007ffc24b40000 - 0x00007ffc24b65000 	C:\Program Files\Java\jdk-17.0.2\bin\java.dll

dbghelp: loaded successfully - version: 4.0.5 - missing functions: none
symbol engine: initialized successfully - sym options: 0x614 - pdb path: .;C:\Program Files\Java\jdk-17.0.2\bin;C:\Windows\SYSTEM32;C:\Windows\WinSxS\amd64_microsoft.windows.common-controls_6595b64144ccf1df_6.0.19041.1110_none_60b5254171f9507e;C:\Program Files\Java\jdk-17.0.2\bin\server

VM Arguments:
jvm_args: -Dfile.encoding=UTF-8 -XX:+ShowCodeDetailsInExceptionMessages 
java_command: zeeshan
java_class_path (initial): C:\Users\Faiz Riyaz\eclipse-workspace\javafullcourse2\bin
Launcher Type: SUN_STANDARD

[Global flags]
     intx CICompilerCount                          = 3                                         {product} {ergonomic}
     uint ConcGCThreads                            = 1                                         {product} {ergonomic}
     uint G1ConcRefinementThreads                  = 4                                         {product} {ergonomic}
   size_t G1HeapRegionSize                         = 1048576                                   {product} {ergonomic}
    uintx GCDrainStackTargetSize                   = 64                                        {product} {ergonomic}
   size_t InitialHeapSize                          = 67108864                                  {product} {ergonomic}
   size_t MarkStackSize                            = 4194304                                   {product} {ergonomic}
   size_t MaxHeapSize                              = 1044381696                                {product} {ergonomic}
   size_t MinHeapDeltaBytes                        = 1048576                                   {product} {ergonomic}
   size_t MinHeapSize                              = 8388608                                   {product} {ergonomic}
    uintx NonNMethodCodeHeapSize                   = 5832780                                {pd product} {ergonomic}
    uintx NonProfiledCodeHeapSize                  = 122912730                              {pd product} {ergonomic}
    uintx ProfiledCodeHeapSize                     = 122912730                              {pd product} {ergonomic}
    uintx ReservedCodeCacheSize                    = 251658240                              {pd product} {ergonomic}
     bool SegmentedCodeCache                       = true                                      {product} {ergonomic}
     bool ShowCodeDetailsInExceptionMessages       = true                                   {manageable} {command line}
   size_t SoftMaxHeapSize                          = 1044381696                             {manageable} {ergonomic}
     bool UseCompressedClassPointers               = true                           {product lp64_product} {ergonomic}
     bool UseCompressedOops                        = true                           {product lp64_product} {ergonomic}
     bool UseG1GC                                  = true                                      {product} {ergonomic}
     bool UseLargePagesIndividualAllocation        = false                                  {pd product} {ergonomic}

Logging:
Log output configuration:
 #0: stdout all=warning uptime,level,tags
 #1: stderr all=off uptime,level,tags

Environment Variables:
JAVA_HOME=C:\Program Files\Java\jdk-18.0.1
PATH=C:\Program Files\Common Files\Oracle\Java\javapath;C:\Program Files (x86)\Common Files\Intel\Shared Files\cpp\bin\Intel64;C:\Windows\system32;C:\Windows;C:\Windows\System32\Wbem;C:\Windows\System32\WindowsPowerShell\v1.0\;C:\Windows\System32\OpenSSH\;C:\Program Files\Java\jdk-17.0.2\bin;C:\Users\Faiz Riyaz\Desktop\chrome driver;C:\Program Files\Git\cmd;C:\Program Files\Java\jdk-18.0.1\bin;C:\Users\Faiz Riyaz\AppData\Local\Microsoft\WindowsApps;;C:\Users\Faiz Riyaz\AppData\Local\Programs\Microsoft VS Code\bin
USERNAME=Faiz Riyaz
OS=Windows_NT
PROCESSOR_IDENTIFIER=Intel64 Family 6 Model 42 Stepping 7, GenuineIntel



---------------  S Y S T E M  ---------------

OS:
 Windows 10 , 64 bit Build 19041 (10.0.19041.1566)
OS uptime: 31 days 22:19 hours

CPU: total 4 (initial active 4) (2 cores per cpu, 2 threads per core) family 6 model 42 stepping 7 microcode 0x2f, cx8, cmov, fxsr, ht, mmx, sse, sse2, sse3, ssse3, sse4.1, sse4.2, popcnt, tsc, tscinvbit, avx, aes, clmul, vzeroupper, clflush

Memory: 4k page, system-wide physical 3983M (334M free)
TotalPageFile size 16271M (AvailPageFile size 54M)
current process WorkingSet (physical memory assigned to process): 9M, peak: 9M
current process commit charge ("private bytes"): 51M, peak: 115M

vm_info: Java HotSpot(TM) 64-Bit Server VM (17.0.2+8-LTS-86) for windows-amd64 JRE (17.0.2+8-LTS-86), built on Dec  7 2021 21:51:03 by "mach5one" with MS VC++ 16.8 / 16.9 (VS2019)

END.
